0 info it worked if it ends with ok
1 verbose cli [ '/usr/local/bin/node',
1 verbose cli   '/usr/local/bin/npm',
1 verbose cli   'unpublish',
1 verbose cli   'uppercode-csscomb@0.0.8' ]
2 info using npm@2.14.3
3 info using node@v4.1.0
4 silly unpublish args[0] uppercode-csscomb@0.0.8
5 silly unpublish thing Result {
5 silly unpublish   raw: 'uppercode-csscomb@0.0.8',
5 silly unpublish   scope: null,
5 silly unpublish   name: 'uppercode-csscomb',
5 silly unpublish   rawSpec: '0.0.8',
5 silly unpublish   spec: '0.0.8',
5 silly unpublish   type: 'version' }
6 verbose getPublishConfig null
7 silly ls normalized uppercode-csscomb/0.0.8
8 silly gentlyRm /Users/frux/.npm/uppercode-csscomb/0.0.8 is being purged
9 verbose gentlyRm don't care about contents; nuking /Users/frux/.npm/uppercode-csscomb/0.0.8
10 silly vacuum-fs purging /Users/frux/.npm/uppercode-csscomb/0.0.8
11 silly vacuum-fs quitting because other entries in /Users/frux/.npm/uppercode-csscomb
12 silly mapToRegistry name uppercode-csscomb
13 silly mapToRegistry using default registry
14 silly mapToRegistry registry http://npm.yandex-team.ru/
15 silly mapToRegistry uri http://npm.yandex-team.ru/uppercode-csscomb
16 verbose get GET as part of write; not caching result
17 verbose request uri http://npm.yandex-team.ru/uppercode-csscomb?write=true
18 verbose request no auth needed
19 info attempt registry request try #1 at 7:46:23 PM
20 verbose request id 33eb7342a08ee264
21 http request GET http://npm.yandex-team.ru/uppercode-csscomb?write=true
22 http 200 http://npm.yandex-team.ru/uppercode-csscomb?write=true
23 silly get cb [ 200,
23 silly get   { server: 'nginx/1.1.19',
23 silly get     date: 'Wed, 23 Sep 2015 14:46:23 GMT',
23 silly get     'content-type': 'application/json',
23 silly get     'content-length': '2638',
23 silly get     connection: 'keep-alive',
23 silly get     'x-powered-by': 'Express',
23 silly get     vary: 'Accept',
23 silly get     etag: '"I5YQY1WAM7CVQB4GTLG7AVAH"' } ]
24 verbose get saving uppercode-csscomb to /Users/frux/.npm/npm.yandex-team.ru/uppercode-csscomb_3Fwrite_3Dtrue/.cache.json
25 verbose unpublish removing attachments { shasum: '0b25503e8e9db9f9720b87df7f71c7df6b82c5c4',
25 verbose unpublish   tarball: 'http://private.npm.yandex-team.ru:5984/uppercode-csscomb/-/uppercode-csscomb-0.0.8.tgz' }
26 verbose request uri http://npm.yandex-team.ru/uppercode-csscomb/-rev/16-f94fb4f522e7bf889e98423f0304f0af
27 verbose request sending authorization for write operation
28 info attempt registry request try #1 at 7:46:23 PM
29 http request PUT http://npm.yandex-team.ru/uppercode-csscomb/-rev/16-f94fb4f522e7bf889e98423f0304f0af
30 http 403 http://npm.yandex-team.ru/uppercode-csscomb/-rev/16-f94fb4f522e7bf889e98423f0304f0af
31 verbose headers { server: 'nginx/1.1.19',
31 verbose headers   date: 'Wed, 23 Sep 2015 14:46:23 GMT',
31 verbose headers   'content-type': 'application/json',
31 verbose headers   'content-length': '1806',
31 verbose headers   connection: 'keep-alive',
31 verbose headers   'x-powered-by': 'Express',
31 verbose headers   'cache-control': 'must-revalidate' }
32 verbose request invalidating /Users/frux/.npm/npm.yandex-team.ru/uppercode-csscomb on PUT
33 error unpublish Failed to update data
34 verbose stack Error: forbidden cannot modify pre-existing version: 0.0.9
34 verbose stack old={"name":"uppercode-csscomb","version":"0.0.9","description":"","main":"index.js","scripts":{"test":"echo \"Error: no test specified\" && exit 1"},"author":{"name":"Vladimir Kudinov","email":"qdinov@yandex.ru"},"license":"ISC","dependencies":{"generator-uppercode":"^0.0.2","csscomb":"^3.1.8"},"gitHead":"24c370adfffe62ab6e91a9aa4e672b690add10cf","_id":"uppercode-csscomb@0.0.9","_shasum":"da0d6ce55e46f287dc29c14c57041e8b1c94cbc2","_from":".","_npmVersion":"2.14.3","_nodeVersion":"4.1.0","_npmUser":{"name":"frux","email":"qdinov@yandex.ru"},"maintainers":[{"name":"frux","email":"qdinov@yandex.ru"}],"dist":{"shasum":"da0d6ce55e46f287dc29c14c57041e8b1c94cbc2","tarball":"http://npm.yandex-team.ru/uppercode-csscomb/-/uppercode-csscomb-0.0.9.tgz"}}
34 verbose stack new={"name":"uppercode-csscomb","version":"0.0.9","description":"","main":"index.js","scripts":{"test":"echo \"Error: no test specified\" && exit 1"},"author":{"name":"Vladimir Kudinov","email":"qdinov@yandex.ru"},"license":"ISC","dependencies":{"generator-uppercode":"^0.0.2","csscomb":"^3.1.8"},"gitHead":"24c370adfffe62ab6e91a9aa4e672b690add10cf","_id":"uppercode-csscomb@0.0.9","_shasum":"da0d6ce55e46f287dc29c14c57041e8b1c94cbc2","_from":".","_npmVersion":"2.14.3","_nodeVersion":"4.1.0","_npmUser":{"name":"frux","email":"qdinov@yandex.ru"},"maintainers":[{"name":"frux","email":"qdinov@yandex.ru"}],"dist":{"shasum":"da0d6ce55e46f287dc29c14c57041e8b1c94cbc2","tarball":"http://private.npm.yandex-team.ru:5984/uppercode-csscomb/-/uppercode-csscomb-0.0.9.tgz"}}: uppercode-csscomb
34 verbose stack     at makeError (/usr/local/lib/node_modules/npm/node_modules/npm-registry-client/lib/request.js:263:12)
34 verbose stack     at CachingRegistryClient.<anonymous> (/usr/local/lib/node_modules/npm/node_modules/npm-registry-client/lib/request.js:251:14)
34 verbose stack     at Request._callback (/usr/local/lib/node_modules/npm/node_modules/npm-registry-client/lib/request.js:171:14)
34 verbose stack     at Request.self.callback (/usr/local/lib/node_modules/npm/node_modules/request/request.js:198:22)
34 verbose stack     at emitTwo (events.js:87:13)
34 verbose stack     at Request.emit (events.js:172:7)
34 verbose stack     at Request.<anonymous> (/usr/local/lib/node_modules/npm/node_modules/request/request.js:1073:14)
34 verbose stack     at emitOne (events.js:82:20)
34 verbose stack     at Request.emit (events.js:169:7)
34 verbose stack     at IncomingMessage.<anonymous> (/usr/local/lib/node_modules/npm/node_modules/request/request.js:1019:12)
35 verbose statusCode 403
36 verbose pkgid uppercode-csscomb
37 verbose cwd /Users/frux/Projects/uppercode-csscomb
38 error Darwin 14.5.0
39 error argv "/usr/local/bin/node" "/usr/local/bin/npm" "unpublish" "uppercode-csscomb@0.0.8"
40 error node v4.1.0
41 error npm  v2.14.3
42 error code E403
43 error forbidden cannot modify pre-existing version: 0.0.9
43 error old={"name":"uppercode-csscomb","version":"0.0.9","description":"","main":"index.js","scripts":{"test":"echo \"Error: no test specified\" && exit 1"},"author":{"name":"Vladimir Kudinov","email":"qdinov@yandex.ru"},"license":"ISC","dependencies":{"generator-uppercode":"^0.0.2","csscomb":"^3.1.8"},"gitHead":"24c370adfffe62ab6e91a9aa4e672b690add10cf","_id":"uppercode-csscomb@0.0.9","_shasum":"da0d6ce55e46f287dc29c14c57041e8b1c94cbc2","_from":".","_npmVersion":"2.14.3","_nodeVersion":"4.1.0","_npmUser":{"name":"frux","email":"qdinov@yandex.ru"},"maintainers":[{"name":"frux","email":"qdinov@yandex.ru"}],"dist":{"shasum":"da0d6ce55e46f287dc29c14c57041e8b1c94cbc2","tarball":"http://npm.yandex-team.ru/uppercode-csscomb/-/uppercode-csscomb-0.0.9.tgz"}}
43 error new={"name":"uppercode-csscomb","version":"0.0.9","description":"","main":"index.js","scripts":{"test":"echo \"Error: no test specified\" && exit 1"},"author":{"name":"Vladimir Kudinov","email":"qdinov@yandex.ru"},"license":"ISC","dependencies":{"generator-uppercode":"^0.0.2","csscomb":"^3.1.8"},"gitHead":"24c370adfffe62ab6e91a9aa4e672b690add10cf","_id":"uppercode-csscomb@0.0.9","_shasum":"da0d6ce55e46f287dc29c14c57041e8b1c94cbc2","_from":".","_npmVersion":"2.14.3","_nodeVersion":"4.1.0","_npmUser":{"name":"frux","email":"qdinov@yandex.ru"},"maintainers":[{"name":"frux","email":"qdinov@yandex.ru"}],"dist":{"shasum":"da0d6ce55e46f287dc29c14c57041e8b1c94cbc2","tarball":"http://private.npm.yandex-team.ru:5984/uppercode-csscomb/-/uppercode-csscomb-0.0.9.tgz"}}: uppercode-csscomb
44 error If you need help, you may report this error at:
44 error     <https://github.com/npm/npm/issues>
45 verbose exit [ 1, true ]
